c:\users\hp\desktop\ifiok\c++\projects\3dmodel 2\3dmodel\x64\debug\vc143.pdb
c:\users\hp\desktop\ifiok\c++\projects\3dmodel 2\3dmodel\x64\debug\vc143.idb
c:\users\hp\desktop\ifiok\c++\projects\3dmodel 2\3dmodel\x64\debug\stb_image.obj
c:\users\hp\desktop\ifiok\c++\projects\3dmodel 2\3dmodel\x64\debug\ogldev_world_transform.obj
c:\users\hp\desktop\ifiok\c++\projects\3dmodel 2\3dmodel\x64\debug\ogldev_texture.obj
c:\users\hp\desktop\ifiok\c++\projects\3dmodel 2\3dmodel\x64\debug\ogldev_basic_mesh.obj
c:\users\hp\desktop\ifiok\c++\projects\3dmodel 2\3dmodel\x64\debug\main.obj
c:\users\hp\desktop\ifiok\c++\projects\3dmodel 2\3dmodel\x64\debug\ogldev_util.obj
c:\users\hp\desktop\ifiok\c++\projects\3dmodel 2\3dmodel\x64\debug\math_3d.obj
c:\users\hp\desktop\ifiok\c++\projects\3dmodel 2\3dmodel\x64\debug\camera.obj
c:\users\hp\desktop\ifiok\c++\projects\3dmodel 2\x64\debug\3dmodel.exe
c:\users\hp\desktop\ifiok\c++\projects\3dmodel 2\x64\debug\3dmodel.pdb
c:\users\hp\desktop\ifiok\c++\projects\3dmodel 2\3dmodel\x64\debug\3dmodel.ilk
c:\users\hp\desktop\ifiok\c++\projects\3dmodel 2\3dmodel\x64\debug\3dmodel.tlog\cl.command.1.tlog
c:\users\hp\desktop\ifiok\c++\projects\3dmodel 2\3dmodel\x64\debug\3dmodel.tlog\cl.items.tlog
c:\users\hp\desktop\ifiok\c++\projects\3dmodel 2\3dmodel\x64\debug\3dmodel.tlog\cl.read.1.tlog
c:\users\hp\desktop\ifiok\c++\projects\3dmodel 2\3dmodel\x64\debug\3dmodel.tlog\cl.write.1.tlog
c:\users\hp\desktop\ifiok\c++\projects\3dmodel 2\3dmodel\x64\debug\3dmodel.tlog\link.command.1.tlog
c:\users\hp\desktop\ifiok\c++\projects\3dmodel 2\3dmodel\x64\debug\3dmodel.tlog\link.read.1.tlog
c:\users\hp\desktop\ifiok\c++\projects\3dmodel 2\3dmodel\x64\debug\3dmodel.tlog\link.secondary.1.tlog
c:\users\hp\desktop\ifiok\c++\projects\3dmodel 2\3dmodel\x64\debug\3dmodel.tlog\link.write.1.tlog
